<?xml version="1.0" encoding="utf-8"?><testsuites name="pytest tests"><testsuite name="pytest" errors="0" failures="0" skipped="0" tests="6" time="0.924" timestamp="2026-07-18T15:23:45.081290+00:00" hostname="agent-env-5b092517-7eef-482a-9a25-7c02d6350093"><testcase classname="backend.tests.test_guides_audit" name="test_list_guides_returns_published_and_categories" time="0.218" /><testcase classname="backend.tests.test_guides_audit" name="test_get_valid_guide_by_slug" time="0.214" /><testcase classname="backend.tests.test_guides_audit" name="test_invalid_slug_returns_404" time="0.108" /><testcase classname="backend.tests.test_guides_audit" name="test_category_filter_freelancing" time="0.101" /><testcase classname="backend.tests.test_guides_audit" name="test_admin_all_requires_auth" time="0.107" /><testcase classname="backend.tests.test_guides_audit" name="test_known_guide_slug" time="0.121" /></testsuite></testsuites>