<?xml version="1.0" encoding="utf-8"?><testsuites name="pytest tests"><testsuite name="pytest" errors="0" failures="0" skipped="0" tests="11" time="1.414" timestamp="2026-06-10T10:53:21.086393+00:00" hostname="agent-env-7c7d4927-3334-4f74-9573-ddb24778c9a5"><testcase classname="backend.tests.test_guides.TestPublicGuides" name="test_list_published" time="0.206" /><testcase classname="backend.tests.test_guides.TestPublicGuides" name="test_get_single_seeded" time="0.052" /><testcase classname="backend.tests.test_guides.TestPublicGuides" name="test_get_missing_404" time="0.058" /><testcase classname="backend.tests.test_guides.TestAuthGating" name="test_admin_all_requires_auth" time="0.051" /><testcase classname="backend.tests.test_guides.TestAuthGating" name="test_create_requires_auth" time="0.047" /><testcase classname="backend.tests.test_guides.TestAuthGating" name="test_generate_draft_requires_auth" time="0.056" /><testcase classname="backend.tests.test_guides.TestAuthGating" name="test_generate_draft_empty_topic_400" time="0.332" /><testcase classname="backend.tests.test_guides.TestAdminCrud" name="test_full_lifecycle" time="0.397" /><testcase classname="backend.tests.test_guides.TestGuidesSEO" name="test_sitemap" time="0.051" /><testcase classname="backend.tests.test_guides.TestGuidesSEO" name="test_render_guide" time="0.058" /><testcase classname="backend.tests.test_guides.TestGuidesSEO" name="test_render_guides_index" time="0.050" /></testsuite></testsuites>