<?xml version="1.0" encoding="utf-8"?><testsuites name="pytest tests"><testsuite name="pytest" errors="0" failures="0" skipped="0" tests="42" time="4.173" timestamp="2026-08-24T11:52:12.352451+00:00" hostname="agent-env-5b092517-7eef-482a-9a25-7c02d6350093"><testcase classname="tests.test_pillar_tiers.TestPillarMetadata" name="test_list_pillars" time="0.248" /><testcase classname="tests.test_pillar_tiers.TestAnonymousAccess" name="test_pillar_1_free" time="0.107" /><testcase classname="tests.test_pillar_tiers.TestAnonymousAccess" name="test_basic_pillars_401[2]" time="0.062" /><testcase classname="tests.test_pillar_tiers.TestAnonymousAccess" name="test_basic_pillars_401[5]" time="0.063" /><testcase classname="tests.test_pillar_tiers.TestAnonymousAccess" name="test_basic_pillars_401[10]" time="0.061" /><testcase classname="tests.test_pillar_tiers.TestAnonymousAccess" name="test_premium_pillars_401[11]" time="0.061" /><testcase classname="tests.test_pillar_tiers.TestAnonymousAccess" name="test_premium_pillars_401[15]" time="0.062" /><testcase classname="tests.test_pillar_tiers.TestAnonymousAccess" name="test_premium_pillars_401[20]" time="0.061" /><testcase classname="tests.test_pillar_tiers.TestAnonymousAccess" name="test_invalid_pillar_404" time="0.121" /><testcase classname="tests.test_pillar_tiers.TestAnonymousAccess" name="test_bad_token_401" time="0.062" /><testcase classname="tests.test_pillar_tiers.TestBasicMember" name="test_auth_check_not_premium" time="0.484" /><testcase classname="tests.test_pillar_tiers.TestBasicMember" name="test_can_download_1_to_10[1]" time="0.072" /><testcase classname="tests.test_pillar_tiers.TestBasicMember" name="test_can_download_1_to_10[2]" time="0.081" /><testcase classname="tests.test_pillar_tiers.TestBasicMember" name="test_can_download_1_to_10[5]" time="0.075" /><testcase classname="tests.test_pillar_tiers.TestBasicMember" name="test_can_download_1_to_10[10]" time="0.083" /><testcase classname="tests.test_pillar_tiers.TestBasicMember" name="test_blocked_from_premium[11]" time="0.063" /><testcase classname="tests.test_pillar_tiers.TestBasicMember" name="test_blocked_from_premium[15]" time="0.063" /><testcase classname="tests.test_pillar_tiers.TestBasicMember" name="test_blocked_from_premium[20]" time="0.062" /><testcase classname="tests.test_pillar_tiers.TestPremiumMember" name="test_auth_check_premium" time="0.190" /><testcase classname="tests.test_pillar_tiers.TestPremiumMember" name="test_can_download_all[1]" time="0.068" /><testcase classname="tests.test_pillar_tiers.TestPremiumMember" name="test_can_download_all[2]" time="0.078" /><testcase classname="tests.test_pillar_tiers.TestPremiumMember" name="test_can_download_all[3]" time="0.087" /><testcase classname="tests.test_pillar_tiers.TestPremiumMember" name="test_can_download_all[4]" time="0.091" /><testcase classname="tests.test_pillar_tiers.TestPremiumMember" name="test_can_download_all[5]" time="0.071" /><testcase classname="tests.test_pillar_tiers.TestPremiumMember" name="test_can_download_all[6]" time="0.067" /><testcase classname="tests.test_pillar_tiers.TestPremiumMember" name="test_can_download_all[7]" time="0.430" /><testcase classname="tests.test_pillar_tiers.TestPremiumMember" name="test_can_download_all[8]" time="0.069" /><testcase classname="tests.test_pillar_tiers.TestPremiumMember" name="test_can_download_all[9]" time="0.069" /><testcase classname="tests.test_pillar_tiers.TestPremiumMember" name="test_can_download_all[10]" time="0.067" /><testcase classname="tests.test_pillar_tiers.TestPremiumMember" name="test_can_download_all[11]" time="0.070" /><testcase classname="tests.test_pillar_tiers.TestPremiumMember" name="test_can_download_all[12]" time="0.068" /><testcase classname="tests.test_pillar_tiers.TestPremiumMember" name="test_can_download_all[13]" time="0.071" /><testcase classname="tests.test_pillar_tiers.TestPremiumMember" name="test_can_download_all[14]" time="0.067" /><testcase classname="tests.test_pillar_tiers.TestPremiumMember" name="test_can_download_all[15]" time="0.068" /><testcase classname="tests.test_pillar_tiers.TestPremiumMember" name="test_can_download_all[16]" time="0.068" /><testcase classname="tests.test_pillar_tiers.TestPremiumMember" name="test_can_download_all[17]" time="0.069" /><testcase classname="tests.test_pillar_tiers.TestPremiumMember" name="test_can_download_all[18]" time="0.076" /><testcase classname="tests.test_pillar_tiers.TestPremiumMember" name="test_can_download_all[19]" time="0.075" /><testcase classname="tests.test_pillar_tiers.TestPremiumMember" name="test_can_download_all[20]" time="0.075" /><testcase classname="tests.test_pillar_tiers.TestLegacyRoutes" name="test_legacy_pillar_1" time="0.064" /><testcase classname="tests.test_pillar_tiers.TestLegacyRoutes" name="test_legacy_pillar_2_requires_member" time="0.062" /><testcase classname="tests.test_pillar_tiers.TestLegacyRoutes" name="test_legacy_pillar_2_member_ok" time="0.068" /></testsuite></testsuites>