<?xml version="1.0" encoding="utf-8"?><testsuites name="pytest tests"><testsuite name="pytest" errors="0" failures="0" skipped="0" tests="5" time="1.319" timestamp="2026-07-21T07:33:40.542298+00:00" hostname="agent-env-5b092517-7eef-482a-9a25-7c02d6350093"><testcase classname="backend.tests.test_pillar_series" name="test_pillar_1_public_returns_pdf" time="0.271" /><testcase classname="backend.tests.test_pillar_series" name="test_pillar_2_no_auth_returns_401" time="0.105" /><testcase classname="backend.tests.test_pillar_series" name="test_pillar_2_bogus_bearer_returns_401_not_500" time="0.105" /><testcase classname="backend.tests.test_pillar_series" name="test_pillar_2_malformed_auth_header_returns_401" time="0.109" /><testcase classname="backend.tests.test_pillar_series" name="test_pillar_2_with_valid_member_token_returns_pdf" time="0.672" /></testsuite></testsuites>