<?xml version="1.0" encoding="utf-8"?><testsuites name="pytest tests"><testsuite name="pytest" errors="0" failures="0" skipped="1" tests="15" time="1.857" timestamp="2026-06-09T19:25:29.416365+00:00" hostname="agent-env-7c7d4927-3334-4f74-9573-ddb24778c9a5"><testcase classname="tests.test_gbp_currency_sweep.TestAdminPricingStats" name="test_conversion_stats_requires_auth" time="0.251" /><testcase classname="tests.test_gbp_currency_sweep.TestAdminPricingStats" name="test_conversion_stats_pricing" time="0.393" /><testcase classname="tests.test_gbp_currency_sweep.TestAdminPricingStats" name="test_recovery_stats_requires_auth" time="0.071" /><testcase classname="tests.test_gbp_currency_sweep.TestAdminPricingStats" name="test_recovery_stats_price" time="0.075" /><testcase classname="tests.test_gbp_currency_sweep.TestPayPalRegisterRejections" name="test_register_premium_empty" time="0.071" /><testcase classname="tests.test_gbp_currency_sweep.TestPayPalRegisterRejections" name="test_register_premium_fake_order" time="0.076" /><testcase classname="tests.test_gbp_currency_sweep.TestPayPalRegisterRejections" name="test_register_donor_empty" time="0.080" /><testcase classname="tests.test_gbp_currency_sweep.TestPayPalRegisterRejections" name="test_register_donor_fake_order" time="0.071" /><testcase classname="tests.test_gbp_currency_sweep.TestAdminGatedPDFEndpoints" name="test_premium_purchases_requires_auth" time="0.068" /><testcase classname="tests.test_gbp_currency_sweep.TestAdminGatedPDFEndpoints" name="test_premium_purchases_with_admin" time="0.090" /><testcase classname="tests.test_gbp_currency_sweep.TestAdminGatedPDFEndpoints" name="test_resources_subscribers_requires_auth" time="0.082" /><testcase classname="tests.test_gbp_currency_sweep.TestAdminGatedPDFEndpoints" name="test_resources_subscribers_with_admin" time="0.067" /><testcase classname="tests.test_gbp_currency_sweep.TestSEOUKLocale" name="test_render_platform_seo_uk_locale" time="0.167"><skipped type="pytest.skip" message="render/platform/upwork -&gt; 404 (slug mapping may differ)">/app/backend/tests/test_gbp_currency_sweep.py:153: render/platform/upwork -&gt; 404 (slug mapping may differ)</skipped></testcase><testcase classname="tests.test_gbp_currency_sweep.TestIndexHtmlSEO" name="test_root_html_has_uk_locale_and_geo" time="0.136" /><testcase classname="tests.test_gbp_currency_sweep.TestPlatformsCurrency" name="test_platforms_use_gbp_earnings" time="0.093" /></testsuite></testsuites>