<?xml version="1.0" encoding="utf-8"?><testsuites name="pytest tests"><testsuite name="pytest" errors="0" failures="0" skipped="0" tests="20" time="2.560" timestamp="2026-06-09T18:43:46.742625+00:00" hostname="agent-env-7c7d4927-3334-4f74-9573-ddb24778c9a5"><testcase classname="backend.tests.test_premium_pack_flow.TestPremiumPackPurchase" name="test_purchase_default_amount_is_14_99" time="0.287" /><testcase classname="backend.tests.test_premium_pack_flow.TestPremiumPackPurchase" name="test_purchase_explicit_amount" time="0.069" /><testcase classname="backend.tests.test_premium_pack_flow.TestPremiumPackPurchase" name="test_download_with_valid_token_returns_zip" time="0.225" /><testcase classname="backend.tests.test_premium_pack_flow.TestPremiumPackPurchase" name="test_download_with_invalid_token_returns_403" time="0.066" /><testcase classname="backend.tests.test_premium_pack_flow.TestPremiumPackPurchase" name="test_download_with_empty_token_returns_403" time="0.059" /><testcase classname="backend.tests.test_premium_pack_flow.TestPremiumPackPurchase" name="test_download_with_no_token_param_returns_403" time="0.064" /><testcase classname="backend.tests.test_premium_pack_flow.TestPremiumPackPurchase" name="test_admin_purchases_listing" time="0.067" /><testcase classname="backend.tests.test_premium_pack_flow.TestRegisterPremium" name="test_empty_order_id_returns_400" time="0.066" /><testcase classname="backend.tests.test_premium_pack_flow.TestRegisterPremium" name="test_missing_order_id_field" time="0.063" /><testcase classname="backend.tests.test_premium_pack_flow.TestRegisterPremium" name="test_fake_order_id_does_not_500" time="0.064" /><testcase classname="backend.tests.test_premium_pack_flow" name="test_free_guide_pdf_endpoint[/pdf/rule-of-72]" time="0.067" /><testcase classname="backend.tests.test_premium_pack_flow" name="test_free_guide_pdf_endpoint[/pdf/budget-503020]" time="0.132" /><testcase classname="backend.tests.test_premium_pack_flow" name="test_free_guide_pdf_endpoint[/pdf/passive-income]" time="0.139" /><testcase classname="backend.tests.test_premium_pack_flow" name="test_free_guide_pdf_endpoint[/pdf/debt-snowball]" time="0.215" /><testcase classname="backend.tests.test_premium_pack_flow" name="test_free_guide_pdf_endpoint[/pdf/emergency-fund]" time="0.204" /><testcase classname="backend.tests.test_premium_pack_flow" name="test_free_guide_pdf_endpoint[/pdf/compound-interest]" time="0.133" /><testcase classname="backend.tests.test_premium_pack_flow" name="test_free_guide_pdf_endpoint[/pdf/credit-score]" time="0.140" /><testcase classname="backend.tests.test_premium_pack_flow" name="test_free_guide_pdf_endpoint[/pdf/isa-vs-sipp]" time="0.130" /><testcase classname="backend.tests.test_premium_pack_flow" name="test_free_guide_pdf_endpoint[/pdf/side-hustle-quickstart]" time="0.174" /><testcase classname="backend.tests.test_premium_pack_flow" name="test_uk_tax_basics_optional" time="0.128" /></testsuite></testsuites>