<?xml version="1.0" encoding="utf-8"?><testsuites name="pytest tests"><testsuite name="pytest" errors="0" failures="0" skipped="0" tests="35" time="4.199" timestamp="2026-06-09T19:26:49.873227+00:00" hostname="agent-env-7c7d4927-3334-4f74-9573-ddb24778c9a5"><testcase classname="tests.test_premium_pack_flow.TestPremiumPackPurchase" name="test_public_token_issuer_is_removed" time="0.157" /><testcase classname="tests.test_premium_pack_flow.TestPremiumPackPurchase" name="test_download_with_valid_token_returns_zip" time="0.168" /><testcase classname="tests.test_premium_pack_flow.TestPremiumPackPurchase" name="test_download_with_invalid_token_returns_403" time="0.073" /><testcase classname="tests.test_premium_pack_flow.TestPremiumPackPurchase" name="test_download_with_empty_token_returns_403" time="0.074" /><testcase classname="tests.test_premium_pack_flow.TestPremiumPackPurchase" name="test_download_with_no_token_param_returns_403" time="0.072" /><testcase classname="tests.test_premium_pack_flow.TestPremiumPackPurchase" name="test_admin_purchases_requires_auth" time="0.078" /><testcase classname="tests.test_premium_pack_flow.TestPremiumPackPurchase" name="test_admin_purchases_listing" time="0.375" /><testcase classname="tests.test_premium_pack_flow.TestRegisterPremium" name="test_empty_order_id_returns_400" time="0.082" /><testcase classname="tests.test_premium_pack_flow.TestRegisterPremium" name="test_missing_order_id_field" time="0.075" /><testcase classname="tests.test_premium_pack_flow.TestRegisterPremium" name="test_fake_order_id_does_not_500" time="0.072" /><testcase classname="tests.test_premium_pack_flow" name="test_free_guide_pdf_endpoint[/pdf/rule-of-72]" time="0.072" /><testcase classname="tests.test_premium_pack_flow" name="test_free_guide_pdf_endpoint[/pdf/budget-503020]" time="0.129" /><testcase classname="tests.test_premium_pack_flow" name="test_free_guide_pdf_endpoint[/pdf/passive-income]" time="0.145" /><testcase classname="tests.test_premium_pack_flow" name="test_free_guide_pdf_endpoint[/pdf/debt-snowball]" time="0.130" /><testcase classname="tests.test_premium_pack_flow" name="test_free_guide_pdf_endpoint[/pdf/emergency-fund]" time="0.124" /><testcase classname="tests.test_premium_pack_flow" name="test_free_guide_pdf_endpoint[/pdf/compound-interest]" time="0.126" /><testcase classname="tests.test_premium_pack_flow" name="test_free_guide_pdf_endpoint[/pdf/credit-score]" time="0.127" /><testcase classname="tests.test_premium_pack_flow" name="test_free_guide_pdf_endpoint[/pdf/isa-vs-sipp]" time="0.163" /><testcase classname="tests.test_premium_pack_flow" name="test_free_guide_pdf_endpoint[/pdf/side-hustle-quickstart]" time="0.109" /><testcase classname="tests.test_premium_pack_flow" name="test_uk_tax_basics_optional" time="0.116" /><testcase classname="tests.test_gbp_currency_sweep.TestAdminPricingStats" name="test_conversion_stats_requires_auth" time="0.127" /><testcase classname="tests.test_gbp_currency_sweep.TestAdminPricingStats" name="test_conversion_stats_pricing" time="0.357" /><testcase classname="tests.test_gbp_currency_sweep.TestAdminPricingStats" name="test_recovery_stats_requires_auth" time="0.066" /><testcase classname="tests.test_gbp_currency_sweep.TestAdminPricingStats" name="test_recovery_stats_price" time="0.064" /><testcase classname="tests.test_gbp_currency_sweep.TestPayPalRegisterRejections" name="test_register_premium_empty" time="0.091" /><testcase classname="tests.test_gbp_currency_sweep.TestPayPalRegisterRejections" name="test_register_premium_fake_order" time="0.067" /><testcase classname="tests.test_gbp_currency_sweep.TestPayPalRegisterRejections" name="test_register_donor_empty" time="0.069" /><testcase classname="tests.test_gbp_currency_sweep.TestPayPalRegisterRejections" name="test_register_donor_fake_order" time="0.065" /><testcase classname="tests.test_gbp_currency_sweep.TestAdminGatedPDFEndpoints" name="test_premium_purchases_requires_auth" time="0.080" /><testcase classname="tests.test_gbp_currency_sweep.TestAdminGatedPDFEndpoints" name="test_premium_purchases_with_admin" time="0.070" /><testcase classname="tests.test_gbp_currency_sweep.TestAdminGatedPDFEndpoints" name="test_resources_subscribers_requires_auth" time="0.066" /><testcase classname="tests.test_gbp_currency_sweep.TestAdminGatedPDFEndpoints" name="test_resources_subscribers_with_admin" time="0.067" /><testcase classname="tests.test_gbp_currency_sweep.TestSEOUKLocale" name="test_render_platform_seo_uk_locale" time="0.147" /><testcase classname="tests.test_gbp_currency_sweep.TestIndexHtmlSEO" name="test_root_html_has_uk_locale_and_geo" time="0.150" /><testcase classname="tests.test_gbp_currency_sweep.TestPlatformsCurrency" name="test_platforms_use_gbp_earnings" time="0.113" /></testsuite></testsuites>