<?xml version="1.0" encoding="utf-8"?><testsuites name="pytest tests"><testsuite name="pytest" errors="0" failures="0" skipped="0" tests="13" time="2.048" timestamp="2026-06-03T10:07:54.174681+00:00" hostname="agent-env-3be34767-2077-4440-bd13-17973a6beffd"><testcase classname="backend.tests.test_success_stories_seo.TestListStories" name="test_returns_60_unique_slugs" time="0.249" /><testcase classname="backend.tests.test_success_stories_seo.TestListStories" name="test_each_story_has_required_fields" time="0.000" /><testcase classname="backend.tests.test_success_stories_seo.TestListStories" name="test_sarah_m_upwork_slug_present" time="0.000" /><testcase classname="backend.tests.test_success_stories_seo.TestSingleStory" name="test_get_story_by_slug" time="0.108" /><testcase classname="backend.tests.test_success_stories_seo.TestSingleStory" name="test_related_prefers_same_category" time="0.154" /><testcase classname="backend.tests.test_success_stories_seo.TestSingleStory" name="test_unknown_slug_404" time="0.115" /><testcase classname="backend.tests.test_success_stories_seo.TestSingleStory" name="test_multiple_slugs_resolve" time="0.532" /><testcase classname="backend.tests.test_success_stories_seo.TestRenderSuccessStory" name="test_render_returns_html_with_seo" time="0.099" /><testcase classname="backend.tests.test_success_stories_seo.TestRenderSuccessStory" name="test_render_unknown_slug_404_with_noindex" time="0.137" /><testcase classname="backend.tests.test_success_stories_seo.TestSitemap" name="test_sitemap_has_60_locs" time="0.115" /><testcase classname="backend.tests.test_success_stories_seo.TestRenderIndex" name="test_index_lists_all_60_stories" time="0.254" /><testcase classname="backend.tests.test_success_stories_seo.TestOtherRenderEndpoints" name="test_render_home_200" time="0.107" /><testcase classname="backend.tests.test_success_stories_seo.TestOtherRenderEndpoints" name="test_render_donate_200" time="0.112" /></testsuite></testsuites>