<?xml version="1.0" encoding="utf-8"?><testsuites name="pytest tests"><testsuite name="pytest" errors="0" failures="0" skipped="0" tests="7" time="0.897" timestamp="2026-07-19T10:12:09.417341+00:00" hostname="agent-env-5b092517-7eef-482a-9a25-7c02d6350093"><testcase classname="backend.tests.test_poshmark_removal" name="test_platforms_ok" time="0.147" /><testcase classname="backend.tests.test_poshmark_removal" name="test_no_poshmark_in_platforms" time="0.000" /><testcase classname="backend.tests.test_poshmark_removal" name="test_categories_ok" time="0.146" /><testcase classname="backend.tests.test_poshmark_removal" name="test_stats_ok" time="0.095" /><testcase classname="backend.tests.test_poshmark_removal" name="test_content_ok" time="0.098" /><testcase classname="backend.tests.test_poshmark_removal" name="test_guides_ok" time="0.099" /><testcase classname="backend.tests.test_poshmark_removal" name="test_sitemap_no_poshmark" time="0.243" /></testsuite></testsuites>