<?xml version="1.0" encoding="utf-8"?><testsuites name="pytest tests"><testsuite name="pytest" errors="0" failures="0" skipped="0" tests="13" time="1.573" timestamp="2026-04-04T08:25:05.511916+00:00" hostname="agent-env-7329dab0-3b27-49b1-b883-24f5ea96b140"><testcase classname="tests.test_iteration2.TestRule72Document" name="test_endpoint_returns_200" time="0.202" /><testcase classname="tests.test_iteration2.TestRule72Document" name="test_content_type_is_docx" time="0.107" /><testcase classname="tests.test_iteration2.TestRule72Document" name="test_content_disposition_header" time="0.117" /><testcase classname="tests.test_iteration2.TestRule72Document" name="test_file_is_valid_docx" time="0.109" /><testcase classname="tests.test_iteration2.TestRule72Document" name="test_docx_has_page_borders" time="0.115" /><testcase classname="tests.test_iteration2.TestRule72Document" name="test_docx_has_pink_purple_border_color" time="0.107" /><testcase classname="tests.test_iteration2.TestRule72Document" name="test_docx_has_incomeonline_branding" time="0.139" /><testcase classname="tests.test_iteration2.TestRule72Document" name="test_docx_contains_rule_of_72_content" time="0.117" /><testcase classname="tests.test_iteration2.TestRule72Document" name="test_file_size_is_reasonable" time="0.107" /><testcase classname="tests.test_iteration2.TestFrontendEndpoints" name="test_homepage_loads" time="0.095" /><testcase classname="tests.test_iteration2.TestFrontendEndpoints" name="test_donate_page_loads" time="0.104" /><testcase classname="tests.test_iteration2.TestFrontendEndpoints" name="test_success_stories_page_loads" time="0.096" /><testcase classname="tests.test_iteration2.TestFrontendEndpoints" name="test_admin_login_page_loads" time="0.099" /></testsuite></testsuites>