<?xml version="1.0" encoding="utf-8"?><testsuites name="pytest tests"><testsuite name="pytest" errors="0" failures="0" skipped="0" tests="8" time="1.125" timestamp="2026-04-03T11:47:05.022544+00:00" hostname="agent-env-7329dab0-3b27-49b1-b883-24f5ea96b140"><testcase classname="tests.test_rule72_endpoint.TestRule72Endpoint" name="test_endpoint_returns_200" time="0.240" /><testcase classname="tests.test_rule72_endpoint.TestRule72Endpoint" name="test_content_type_is_docx" time="0.115" /><testcase classname="tests.test_rule72_endpoint.TestRule72Endpoint" name="test_content_disposition_header" time="0.124" /><testcase classname="tests.test_rule72_endpoint.TestRule72Endpoint" name="test_file_size_is_reasonable" time="0.103" /><testcase classname="tests.test_rule72_endpoint.TestRule72Endpoint" name="test_file_is_valid_docx" time="0.114" /><testcase classname="tests.test_rule72_endpoint.TestRule72Endpoint" name="test_docx_contains_expected_content" time="0.117" /><testcase classname="tests.test_rule72_endpoint.TestEndpointMethods" name="test_get_method_allowed" time="0.156" /><testcase classname="tests.test_rule72_endpoint.TestEndpointMethods" name="test_head_method_returns_headers" time="0.098" /></testsuite></testsuites>