<?xml version="1.0" encoding="utf-8"?><testsuites name="pytest tests"><testsuite name="pytest" errors="0" failures="0" skipped="0" tests="16" time="2.649" timestamp="2026-04-20T16:06:04.512064+00:00" hostname="agent-env-78238033-3d52-49f3-bcff-50cb88e9ce5f"><testcase classname="backend.tests.test_iteration3.TestCMSContent" name="test_seed_content_idempotent" time="0.268" /><testcase classname="backend.tests.test_iteration3.TestCMSContent" name="test_content_includes_new_sections" time="0.054" /><testcase classname="backend.tests.test_iteration3.TestCMSAdminUpdates" name="test_login_invalid" time="0.280" /><testcase classname="backend.tests.test_iteration3.TestCMSAdminUpdates" name="test_put_hero_content" time="0.509" /><testcase classname="backend.tests.test_iteration3.TestCMSAdminUpdates" name="test_put_library_banner" time="0.293" /><testcase classname="backend.tests.test_iteration3.TestCMSAdminUpdates" name="test_put_free_resources" time="0.310" /><testcase classname="backend.tests.test_iteration3.TestResourceDownloadAndEmail" name="test_request_skip_email" time="0.064" /><testcase classname="backend.tests.test_iteration3.TestResourceDownloadAndEmail" name="test_request_with_email_delivery" time="0.253" /><testcase classname="backend.tests.test_iteration3.TestResourceDownloadAndEmail" name="test_invalid_email_422" time="0.051" /><testcase classname="backend.tests.test_iteration3.TestResourceDownloadAndEmail" name="test_unknown_resource_400" time="0.049" /><testcase classname="backend.tests.test_iteration3.TestSubscribersAdmin" name="test_subscribers_list" time="0.056" /><testcase classname="backend.tests.test_iteration3.TestRegression" name="test_progress_endpoint" time="0.057" /><testcase classname="backend.tests.test_iteration3.TestRegression" name="test_rule72_docx_download" time="0.145" /><testcase classname="backend.tests.test_iteration3.TestRegression" name="test_budget_docx_download" time="0.050" /><testcase classname="backend.tests.test_iteration3.TestRegression" name="test_platforms_list_no_id_leak" time="0.066" /><testcase classname="backend.tests.test_iteration3.TestRegression" name="test_sitemap_xml" time="0.065" /></testsuite></testsuites>