<?xml version="1.0" encoding="utf-8"?><testsuites name="pytest tests"><testsuite name="pytest" errors="0" failures="0" skipped="0" tests="7" time="2.318" timestamp="2026-06-02T12:25:41.682060+00:00" hostname="agent-env-3be34767-2077-4440-bd13-17973a6beffd"><testcase classname="backend.tests.test_iteration4_hero_pill.TestLeadsCapture" name="test_capture_valid_email_returns_success" time="0.452" /><testcase classname="backend.tests.test_iteration4_hero_pill.TestLeadsCapture" name="test_capture_invalid_email_rejected" time="0.118" /><testcase classname="backend.tests.test_iteration4_hero_pill.TestLeadsCapture" name="test_capture_missing_email_rejected" time="0.111" /><testcase classname="backend.tests.test_iteration4_hero_pill.TestLeadsCapture" name="test_capture_idempotent_appends_source" time="0.374" /><testcase classname="backend.tests.test_iteration4_hero_pill.TestContentHeroPillFields" name="test_content_exposes_hero_pill_fields" time="0.117" /><testcase classname="backend.tests.test_iteration4_hero_pill.TestAdminHeroPillUpdate" name="test_admin_can_update_hero_pill_fields" time="0.979" /><testcase classname="backend.tests.test_iteration4_hero_pill.TestAdminHeroPillUpdate" name="test_admin_update_requires_auth" time="0.109" /></testsuite></testsuites>